[2024-11-14 17:51:41] SRC print a: 0xa
[2024-11-14 17:51:41] SRC print a: 0xb
[2024-11-14 17:51:41] [SRC][RCV] cycle: 2
[2024-11-14 17:51:41] [SRC][RCV] credit: 2
[2024-11-14 17:51:41] SRC print a: 0xc
[2024-11-14 17:51:41] SRC print a: 0xd
[2024-11-14 17:51:41] [SRC][RCV] cycle: 4
[2024-11-14 17:51:41] [SRC][RCV] credit: 2
[2024-11-14 17:51:41] [SRC][RCV] cycle: 4
[2024-11-14 17:51:41] [SRC][RCV] a: 10
[2024-11-14 17:51:41] SRC print a: 0xe
[2024-11-14 17:51:41] [SRC][RCV] cycle: 5
[2024-11-14 17:51:41] [SRC][RCV] a: 11
[2024-11-14 17:51:41] SRC print a: 0xf
[2024-11-14 17:51:41] [SRC][RCV] cycle: 6
[2024-11-14 17:51:41] [SRC][RCV] credit: 2
[2024-11-14 17:51:41] [SRC][RCV] cycle: 6
[2024-11-14 17:51:41] [SRC][RCV] a: 12
[2024-11-14 17:51:41] SRC print a: 0x10
[2024-11-14 17:51:41] [SRC][RCV] cycle: 7
[2024-11-14 17:51:41] [SRC][RCV] a: 13
[2024-11-14 17:51:41] SRC print a: 0x11
[2024-11-14 17:51:41] [SRC][RCV] cycle: 8
[2024-11-14 17:51:41] [SRC][RCV] credit: 2
[2024-11-14 17:51:41] [SRC][RCV] cycle: 8
[2024-11-14 17:51:41] [SRC][RCV] a: 14
[2024-11-14 17:51:41] SRC print a: 0x12
[2024-11-14 17:51:41] [SRC][RCV] cycle: 9
[2024-11-14 17:51:41] [SRC][RCV] a: 15
[2024-11-14 17:51:41] SRC print a: 0x13
[2024-11-14 17:51:41] [SRC][RCV] cycle: 10
[2024-11-14 17:51:41] [SRC][RCV] credit: 2
[2024-11-14 17:51:41] [SRC][RCV] cycle: 10
[2024-11-14 17:51:41] [SRC][RCV] a: 16
